{
  "RSpec": {
    "coverage": {
      "/Users/apprentice/Desktop/pollster_jy/app/controllers/answers_controller.rb": [
        1,
        1,
        1,
        0,
        null,
        null,
        1,
        0,
        0,
        0,
        0,
        null,
        0,
        null,
        null,
        null,
        1,
        null,
        1,
        0,
        null,
        null,
        1,
        0,
        null,
        null,
        null
      ],
      "/Users/apprentice/Desktop/pollster_jy/app/controllers/application_controller.rb": [
        1,
        1,
        null,
        1,
        null,
        null,
        null
      ],
      "/Users/apprentice/Desktop/pollster_jy/app/helpers/application_helper.rb": [
        1,
        null
      ],
      "/Users/apprentice/Desktop/pollster_jy/app/helpers/answers_helper.rb": [
        1,
        null
      ],
      "/Users/apprentice/Desktop/pollster_jy/app/helpers/polls_helper.rb": [
        1,
        null
      ],
      "/Users/apprentice/Desktop/pollster_jy/app/helpers/questions_helper.rb": [
        1,
        null
      ],
      "/Users/apprentice/Desktop/pollster_jy/app/helpers/responses_helper.rb": [
        1,
        null
      ],
      "/Users/apprentice/Desktop/pollster_jy/app/models/answer.rb": [
        1,
        1,
        1,
        null
      ],
      "/Users/apprentice/Desktop/pollster_jy/app/controllers/polls_controller.rb": [
        1,
        null,
        1,
        0,
        0,
        null,
        null,
        1,
        0,
        null,
        null,
        1,
        0,
        null,
        null,
        1,
        0,
        0,
        null,
        0,
        0,
        0,
        null,
        0,
        null,
        null,
        null,
        1,
        0,
        null,
        null,
        1,
        0,
        0,
        0,
        0,
        null,
        0,
        null,
        null,
        null,
        null
      ],
      "/Users/apprentice/Desktop/pollster_jy/app/models/poll.rb": [
        1,
        1,
        1,
        1,
        1,
        1,
        null,
        1,
        3,
        null,
        null,
        null,
        1,
        81,
        null,
        null,
        null,
        null,
        null
      ],
      "/Users/apprentice/Desktop/pollster_jy/app/controllers/questions_controller.rb": [
        1,
        1,
        null,
        1,
        0,
        null,
        null,
        1,
        0,
        0,
        0,
        0,
        null,
        0,
        null,
        null,
        null,
        1,
        0,
        null,
        null,
        null,
        1,
        0,
        null,
        null,
        1,
        0,
        0,
        0,
        0,
        null,
        0,
        null,
        null,
        null,
        1,
        0,
        0,
        0,
        0,
        null,
        null,
        1,
        null,
        1,
        0,
        null,
        null,
        1,
        0,
        null,
        null,
        null
      ],
      "/Users/apprentice/Desktop/pollster_jy/app/models/question.rb": [
        1,
        1,
        1,
        1,
        null
      ],
      "/Users/apprentice/Desktop/pollster_jy/app/controllers/responses_controller.rb": [
        1,
        null,
        1,
        0,
        null,
        null,
        1,
        0,
        0,
        0,
        null,
        null,
        0,
        null,
        null,
        null
      ]
    },
    "timestamp": 1343780865
  }
}
